<?xml version="1.0" encoding="UTF-8"?>
<testng-results ignored="0" total="1" passed="1" failed="0" skipped="0">
  <reporter-output>
  </reporter-output>
  <suite started-at="2025-12-04T16:45:12 CET" name="Default suite" finished-at="2025-12-04T16:45:20 CET" duration-ms="7204">
    <groups>
    </groups>
    <test started-at="2025-12-04T16:45:12 CET" name="Default test" finished-at="2025-12-04T16:45:20 CET" duration-ms="7204">
      <class name="Lydia.Driver.DriverFactory">
        <test-method signature="AppiumDriver()[pri:0, instance:Lydia.Driver.DriverFactory@2d3379b4]" started-at="2025-12-04T16:45:12 CET" name="AppiumDriver" finished-at="2025-12-04T16:45:20 CET" duration-ms="7178" status="PASS">
          <reporter-output>
          </reporter-output>
        </test-method> <!-- AppiumDriver -->
      </class> <!-- Lydia.Driver.DriverFactory -->
    </test> <!-- Default test -->
  </suite> <!-- Default suite -->
</testng-results>
